<?xml version="1.0" encoding="UTF-8"?>
<!-- Generated by org.testng.reporters.JUnitReportReporter -->
<testsuite hostname="DESKTOP-M9RQLTJ" failures="0" tests="1" name="PS1" time="0.035" errors="0" timestamp="2025-05-17T17:06:48 IST" skipped="0">
  <testcase classname="PS1" name="testRun" time="0.035"/>
</testsuite> <!-- PS1 -->
